This is pdfTeX, Version 3.14159265-2.6-1.40.15 (TeX Live 2014) (preloaded format=pdflatex 2014.5.25)  18 SEP 2017 15:09
entering extended mode
 restricted \write18 enabled.
 %&-line parsing enabled.
**acmart.dtx
(./acmart.dtx
LaTeX2e <2014/05/01>
Babel <3.9k> and hyphenation patterns for 78 languages loaded.
File: acmart.dtx 2017/08/31 v1.47 Typesetting articles for Association of Compu
ting Machinery
(/usr/local/texlive/2014/texmf-dist/tex/latex/base/ltxdoc.cls
Document Class: ltxdoc 2007/11/11 v2.0u Standard LaTeX documentation class
(/usr/local/texlive/2014/texmf-dist/tex/latex/base/article.cls
Document Class: article 2007/10/19 v1.4h Standard LaTeX document class
(/usr/local/texlive/2014/texmf-dist/tex/latex/base/size10.clo
File: size10.clo 2007/10/19 v1.4h Standard LaTeX file (size option)
)
\c@part=\count79
\c@section=\count80
\c@subsection=\count81
\c@subsubsection=\count82
\c@paragraph=\count83
\c@subparagraph=\count84
\c@figure=\count85
\c@table=\count86
\abovecaptionskip=\skip41
\belowcaptionskip=\skip42
\bibindent=\dimen102
)
(/usr/local/texlive/2014/texmf-dist/tex/latex/base/doc.sty
Package: doc 2010/02/04 v2.1e Standard LaTeX documentation package (FMi)
\c@StandardModuleDepth=\count87
\guard@level=\count88
\MacrocodeTopsep=\skip43
\MacroIndent=\dimen103
\macro@cnt=\count89
\MacroTopsep=\skip44
\index@excludelist=\toks14

(/usr/local/texlive/2014/texmf-dist/tex/latex/tools/multicol.sty
Package: multicol 2014/04/23 v1.8e multicolumn formatting (FMi)
\c@tracingmulticols=\count90
\mult@box=\box26
\multicol@leftmargin=\dimen104
\c@unbalance=\count91
\c@collectmore=\count92
\doublecol@number=\count93
\multicoltolerance=\count94
\multicolpretolerance=\count95
\full@width=\dimen105
\page@free=\dimen106
\premulticols=\dimen107
\postmulticols=\dimen108
\multicolsep=\skip45
\multicolbaselineskip=\skip46
\partial@page=\box27
\last@line=\box28
\maxbalancingoverflow=\dimen109
\mult@rightbox=\box29
\mult@grightbox=\box30
\mult@gfirstbox=\box31
\mult@firstbox=\box32
\@tempa=\box33
\@tempa=\box34
\@tempa=\box35
\@tempa=\box36
\@tempa=\box37
\@tempa=\box38
\@tempa=\box39
\@tempa=\box40
\@tempa=\box41
\@tempa=\box42
\@tempa=\box43
\@tempa=\box44
\@tempa=\box45
\@tempa=\box46
\@tempa=\box47
\@tempa=\box48
\@tempa=\box49
\c@columnbadness=\count96
\c@finalcolumnbadness=\count97
\last@try=\dimen110
\multicolovershoot=\dimen111
\multicolundershoot=\dimen112
\mult@nat@firstbox=\box50
\colbreak@box=\box51
\mc@col@check@num=\count98
)
\IndexMin=\dimen113
\c@IndexColumns=\count99
\GlossaryMin=\dimen114
\c@GlossaryColumns=\count100
\check@sum=\count101
\bslash@cnt=\count102
\wrong@table=\toks15
\c@CodelineNo=\count103
))
(/usr/local/texlive/2014/texmf-dist/tex/latex/tools/array.sty
Package: array 2008/09/09 v2.4c Tabular extension package (FMi)
\col@sep=\dimen115
\extrarowheight=\dimen116
\NC@list=\toks16
\extratabsurround=\skip47
\backup@length=\skip48
)
(/usr/local/texlive/2014/texmf-dist/tex/latex/booktabs/booktabs.sty
Package: booktabs 2005/04/14 v1.61803 publication quality tables
\heavyrulewidth=\dimen117
\lightrulewidth=\dimen118
\cmidrulewidth=\dimen119
\belowrulesep=\dimen120
\belowbottomsep=\dimen121
\aboverulesep=\dimen122
\abovetopsep=\dimen123
\cmidrulesep=\dimen124
\cmidrulekern=\dimen125
\defaultaddspace=\dimen126
\@cmidla=\count104
\@cmidlb=\count105
\@aboverulesep=\dimen127
\@belowrulesep=\dimen128
\@thisruleclass=\count106
\@lastruleclass=\count107
\@thisrulewidth=\dimen129
)
(/usr/local/texlive/2014/texmf-dist/tex/latex/amsmath/amsmath.sty
Package: amsmath 2013/01/14 v2.14 AMS math features
\@mathmargin=\skip49

For additional information on amsmath, use the `?' option.
(/usr/local/texlive/2014/texmf-dist/tex/latex/amsmath/amstext.sty
Package: amstext 2000/06/29 v2.01

(/usr/local/texlive/2014/texmf-dist/tex/latex/amsmath/amsgen.sty
File: amsgen.sty 1999/11/30 v2.0
\@emptytoks=\toks17
\ex@=\dimen130
))
(/usr/local/texlive/2014/texmf-dist/tex/latex/amsmath/amsbsy.sty
Package: amsbsy 1999/11/29 v1.2d
\pmbraise@=\dimen131
)
(/usr/local/texlive/2014/texmf-dist/tex/latex/amsmath/amsopn.sty
Package: amsopn 1999/12/14 v2.01 operator names
)
\inf@bad=\count108
LaTeX Info: Redefining \frac on input line 210.
\uproot@=\count109
\leftroot@=\count110
LaTeX Info: Redefining \overline on input line 306.
\classnum@=\count111
\DOTSCASE@=\count112
LaTeX Info: Redefining \ldots on input line 378.
LaTeX Info: Redefining \dots on input line 381.
LaTeX Info: Redefining \cdots on input line 466.
\Mathstrutbox@=\box52
\strutbox@=\box53
\big@size=\dimen132
LaTeX Font Info:    Redeclaring font encoding OML on input line 566.
LaTeX Font Info:    Redeclaring font encoding OMS on input line 567.
\macc@depth=\count113
\c@MaxMatrixCols=\count114
\dotsspace@=\muskip10
\c@parentequation=\count115
\dspbrk@lvl=\count116
\tag@help=\toks18
\row@=\count117
\column@=\count118
\maxfields@=\count119
\andhelp@=\toks19
\eqnshift@=\dimen133
\alignsep@=\dimen134
\tagshift@=\dimen135
\tagwidth@=\dimen136
\totwidth@=\dimen137
\lineht@=\dimen138
\@envbody=\toks20
\multlinegap=\skip50
\multlinetaggap=\skip51
\mathdisplay@stack=\toks21
LaTeX Info: Redefining \[ on input line 2665.
LaTeX Info: Redefining \] on input line 2666.
)
(/usr/local/texlive/2014/texmf-dist/tex/latex/graphics/graphicx.sty
Package: graphicx 2014/04/25 v1.0g Enhanced LaTeX Graphics (DPC,SPQR)

(/usr/local/texlive/2014/texmf-dist/tex/latex/graphics/keyval.sty
Package: keyval 2014/05/08 v1.15 key=value parser (DPC)
\KV@toks@=\toks22
)
(/usr/local/texlive/2014/texmf-dist/tex/latex/graphics/graphics.sty
Package: graphics 2009/02/05 v1.0o Standard LaTeX Graphics (DPC,SPQR)

(/usr/local/texlive/2014/texmf-dist/tex/latex/graphics/trig.sty
Package: trig 1999/03/16 v1.09 sin cos tan (DPC)
)
(/usr/local/texlive/2014/texmf-dist/tex/latex/latexconfig/graphics.cfg
File: graphics.cfg 2010/04/23 v1.9 graphics configuration of TeX Live
)
Package graphics Info: Driver file: pdftex.def on input line 91.

(/usr/local/texlive/2014/texmf-dist/tex/latex/pdftex-def/pdftex.def
File: pdftex.def 2011/05/27 v0.06d Graphics/color for pdfTeX

(/usr/local/texlive/2014/texmf-dist/tex/generic/oberdiek/infwarerr.sty
Package: infwarerr 2010/04/08 v1.3 Providing info/warning/error messages (HO)
)
(/usr/local/texlive/2014/texmf-dist/tex/generic/oberdiek/ltxcmds.sty
Package: ltxcmds 2011/11/09 v1.22 LaTeX kernel commands for general use (HO)
)
\Gread@gobject=\count120
))
\Gin@req@height=\dimen139
\Gin@req@width=\dimen140
)
(/usr/local/texlive/2014/texmf-dist/tex/latex/fancyvrb/fancyvrb.sty
Package: fancyvrb 2008/02/07

Style option: `fancyvrb' v2.7a, with DG/SPQR fixes, and firstline=lastline fix 
<2008/02/07> (tvz)
\FV@CodeLineNo=\count121
\FV@InFile=\read1
\FV@TabBox=\box54
\c@FancyVerbLine=\count122
\FV@StepNumber=\count123
\FV@OutFile=\write3
)
(/usr/local/texlive/2014/texmf-dist/tex/latex/tools/tabularx.sty
Package: tabularx 2014/05/13 v2.10 `tabularx' package (DPC)
\TX@col@width=\dimen141
\TX@old@table=\dimen142
\TX@old@col=\dimen143
\TX@target=\dimen144
\TX@delta=\dimen145
\TX@cols=\count124
\TX@ftn=\toks23
)
(/usr/local/texlive/2014/texmf-dist/tex/latex/libertine/libertine.sty
Package: libertine 2014/02/19 (Bob Tennent) Supports Libertine and Biolinum fon
ts for all LaTeX engines.

(/usr/local/texlive/2014/texmf-dist/tex/generic/ifxetex/ifxetex.sty
Package: ifxetex 2010/09/12 v0.6 Provides ifxetex conditional
)
(/usr/local/texlive/2014/texmf-dist/tex/generic/oberdiek/ifluatex.sty
Package: ifluatex 2010/03/01 v1.3 Provides the ifluatex switch (HO)
Package ifluatex Info: LuaTeX not detected.
)
(/usr/local/texlive/2014/texmf-dist/tex/latex/xkeyval/xkeyval.sty
Package: xkeyval 2014/05/09 v2.6d package option processing (HA)

(/usr/local/texlive/2014/texmf-dist/tex/generic/xkeyval/xkeyval.tex
\XKV@toks=\toks24
\XKV@tempa@toks=\toks25
\XKV@depth=\count125
File: xkeyval.tex 2014/05/09 v2.6d key=value parser (HA)
))
(/usr/local/texlive/2014/texmf-dist/tex/latex/base/textcomp.sty
Package: textcomp 2005/09/27 v1.99g Standard LaTeX package
Package textcomp Info: Sub-encoding information:
(textcomp)               5 = only ISO-Adobe without \textcurrency
(textcomp)               4 = 5 + \texteuro
(textcomp)               3 = 4 + \textohm
(textcomp)               2 = 3 + \textestimated + \textcurrency
(textcomp)               1 = TS1 - \textcircled - \t
(textcomp)               0 = TS1 (full)
(textcomp)             Font families with sub-encoding setting implement
(textcomp)             only a restricted character set as indicated.
(textcomp)             Family '?' is the default used for unknown fonts.
(textcomp)             See the documentation for details.
Package textcomp Info: Setting ? sub-encoding to TS1/1 on input line 71.

(/usr/local/texlive/2014/texmf-dist/tex/latex/base/ts1enc.def
File: ts1enc.def 2001/06/05 v3.0e (jk/car/fm) Standard LaTeX file
)
LaTeX Info: Redefining \oldstylenums on input line 266.
Package textcomp Info: Setting cmr sub-encoding to TS1/0 on input line 281.
Package textcomp Info: Setting cmss sub-encoding to TS1/0 on input line 282.
Package textcomp Info: Setting cmtt sub-encoding to TS1/0 on input line 283.
Package textcomp Info: Setting cmvtt sub-encoding to TS1/0 on input line 284.
Package textcomp Info: Setting cmbr sub-encoding to TS1/0 on input line 285.
Package textcomp Info: Setting cmtl sub-encoding to TS1/0 on input line 286.
Package textcomp Info: Setting ccr sub-encoding to TS1/0 on input line 287.
Package textcomp Info: Setting ptm sub-encoding to TS1/4 on input line 288.
Package textcomp Info: Setting pcr sub-encoding to TS1/4 on input line 289.
Package textcomp Info: Setting phv sub-encoding to TS1/4 on input line 290.
Package textcomp Info: Setting ppl sub-encoding to TS1/3 on input line 291.
Package textcomp Info: Setting pag sub-encoding to TS1/4 on input line 292.
Package textcomp Info: Setting pbk sub-encoding to TS1/4 on input line 293.
Package textcomp Info: Setting pnc sub-encoding to TS1/4 on input line 294.
Package textcomp Info: Setting pzc sub-encoding to TS1/4 on input line 295.
Package textcomp Info: Setting bch sub-encoding to TS1/4 on input line 296.
Package textcomp Info: Setting put sub-encoding to TS1/5 on input line 297.
Package textcomp Info: Setting uag sub-encoding to TS1/5 on input line 298.
Package textcomp Info: Setting ugq sub-encoding to TS1/5 on input line 299.
Package textcomp Info: Setting ul8 sub-encoding to TS1/4 on input line 300.
Package textcomp Info: Setting ul9 sub-encoding to TS1/4 on input line 301.
Package textcomp Info: Setting augie sub-encoding to TS1/5 on input line 302.
Package textcomp Info: Setting dayrom sub-encoding to TS1/3 on input line 303.
Package textcomp Info: Setting dayroms sub-encoding to TS1/3 on input line 304.

Package textcomp Info: Setting pxr sub-encoding to TS1/0 on input line 305.
Package textcomp Info: Setting pxss sub-encoding to TS1/0 on input line 306.
Package textcomp Info: Setting pxtt sub-encoding to TS1/0 on input line 307.
Package textcomp Info: Setting txr sub-encoding to TS1/0 on input line 308.
Package textcomp Info: Setting txss sub-encoding to TS1/0 on input line 309.
Package textcomp Info: Setting txtt sub-encoding to TS1/0 on input line 310.
Package textcomp Info: Setting lmr sub-encoding to TS1/0 on input line 311.
Package textcomp Info: Setting lmdh sub-encoding to TS1/0 on input line 312.
Package textcomp Info: Setting lmss sub-encoding to TS1/0 on input line 313.
Package textcomp Info: Setting lmssq sub-encoding to TS1/0 on input line 314.
Package textcomp Info: Setting lmvtt sub-encoding to TS1/0 on input line 315.
Package textcomp Info: Setting qhv sub-encoding to TS1/0 on input line 316.
Package textcomp Info: Setting qag sub-encoding to TS1/0 on input line 317.
Package textcomp Info: Setting qbk sub-encoding to TS1/0 on input line 318.
Package textcomp Info: Setting qcr sub-encoding to TS1/0 on input line 319.
Package textcomp Info: Setting qcs sub-encoding to TS1/0 on input line 320.
Package textcomp Info: Setting qpl sub-encoding to TS1/0 on input line 321.
Package textcomp Info: Setting qtm sub-encoding to TS1/0 on input line 322.
Package textcomp Info: Setting qzc sub-encoding to TS1/0 on input line 323.
Package textcomp Info: Setting qhvc sub-encoding to TS1/0 on input line 324.
Package textcomp Info: Setting futs sub-encoding to TS1/4 on input line 325.
Package textcomp Info: Setting futx sub-encoding to TS1/4 on input line 326.
Package textcomp Info: Setting futj sub-encoding to TS1/4 on input line 327.
Package textcomp Info: Setting hlh sub-encoding to TS1/3 on input line 328.
Package textcomp Info: Setting hls sub-encoding to TS1/3 on input line 329.
Package textcomp Info: Setting hlst sub-encoding to TS1/3 on input line 330.
Package textcomp Info: Setting hlct sub-encoding to TS1/5 on input line 331.
Package textcomp Info: Setting hlx sub-encoding to TS1/5 on input line 332.
Package textcomp Info: Setting hlce sub-encoding to TS1/5 on input line 333.
Package textcomp Info: Setting hlcn sub-encoding to TS1/5 on input line 334.
Package textcomp Info: Setting hlcw sub-encoding to TS1/5 on input line 335.
Package textcomp Info: Setting hlcf sub-encoding to TS1/5 on input line 336.
Package textcomp Info: Setting pplx sub-encoding to TS1/3 on input line 337.
Package textcomp Info: Setting pplj sub-encoding to TS1/3 on input line 338.
Package textcomp Info: Setting ptmx sub-encoding to TS1/4 on input line 339.
Package textcomp Info: Setting ptmj sub-encoding to TS1/4 on input line 340.
)
(/usr/local/texlive/2014/texmf-dist/tex/latex/mweights/mweights.sty
Package: mweights 2013/07/21 (Bob Tennent) Support package for multiple-weight 
font packages. 
LaTeX Info: Redefining \bfseries on input line 22.
LaTeX Info: Redefining \mdseries on input line 29.
LaTeX Info: Redefining \rmfamily on input line 36.
LaTeX Info: Redefining \sffamily on input line 53.
LaTeX Info: Redefining \ttfamily on input line 70.
)
(/usr/local/texlive/2014/texmf-dist/tex/latex/base/fontenc.sty
Package: fontenc 2005/09/27 v1.99g Standard LaTeX package
)
(/usr/local/texlive/2014/texmf-dist/tex/latex/fontaxes/fontaxes.sty
Package: fontaxes 2014/03/23 v1.0d Font selection axes
LaTeX Info: Redefining \upshape on input line 29.
LaTeX Info: Redefining \itshape on input line 31.
LaTeX Info: Redefining \slshape on input line 33.
LaTeX Info: Redefining \scshape on input line 37.
)
LaTeX Info: Redefining \oldstylenums on input line 477.

(/usr/local/texlive/2014/texmf-dist/tex/latex/libertine/LinLibertine_I.tex))
(/usr/local/texlive/2014/texmf-dist/tex/latex/inconsolata/zi4.sty
Package: zi4 2013/06/09 zi4a
\zifour@ocount=\count126
)
(/usr/local/texlive/2014/texmf-dist/tex/latex/newtx/newtxmath.sty
Package: newtxmath 2014/04/26 v1.27

`newtxmath' v1.27, 2014/04/26 Math macros based on txfonts (msharpe)
(/usr/local/texlive/2014/texmf-dist/tex/generic/kastrup/binhex.tex)
\tx@Isdigit=\count127
LaTeX Font Info:    Redeclaring symbol font `operators' on input line 98.
LaTeX Font Info:    Overwriting symbol font `operators' in version `normal'
(Font)                  OT1/cmr/m/n --> OT1/LinuxLibertineT-TLF/m/n on input li
ne 98.
LaTeX Font Info:    Overwriting symbol font `operators' in version `bold'
(Font)                  OT1/cmr/bx/n --> OT1/LinuxLibertineT-TLF/m/n on input l
ine 98.
LaTeX Font Info:    Overwriting symbol font `operators' in version `bold'
(Font)                  OT1/LinuxLibertineT-TLF/m/n --> OT1/LinuxLibertineT-TLF
/sb/n on input line 99.
LaTeX Font Info:    Redeclaring math alphabet \mathsf on input line 105.
LaTeX Font Info:    Overwriting math alphabet `\mathsf' in version `normal'
(Font)                  OT1/cmss/m/n --> OT1/LinuxBiolinumT-TLF/m/n on input li
ne 105.
LaTeX Font Info:    Overwriting math alphabet `\mathsf' in version `bold'
(Font)                  OT1/cmss/bx/n --> OT1/LinuxBiolinumT-TLF/m/n on input l
ine 105.
LaTeX Font Info:    Redeclaring math alphabet \mathit on input line 106.
LaTeX Font Info:    Overwriting math alphabet `\mathit' in version `normal'
(Font)                  OT1/cmr/m/it --> OT1/LinuxLibertineT-TLF/m/it on input 
line 106.
LaTeX Font Info:    Overwriting math alphabet `\mathit' in version `bold'
(Font)                  OT1/cmr/bx/it --> OT1/LinuxLibertineT-TLF/m/it on input
 line 106.
LaTeX Font Info:    Redeclaring math alphabet \mathtt on input line 107.
LaTeX Font Info:    Overwriting math alphabet `\mathtt' in version `normal'
(Font)                  OT1/cmtt/m/n --> OT1/zi4/m/n on input line 107.
LaTeX Font Info:    Overwriting math alphabet `\mathtt' in version `bold'
(Font)                  OT1/cmtt/m/n --> OT1/zi4/m/n on input line 107.
LaTeX Font Info:    Redeclaring math alphabet \mathbf on input line 109.
LaTeX Font Info:    Overwriting math alphabet `\mathbf' in version `normal'
(Font)                  OT1/cmr/bx/n --> OT1/LinuxLibertineT-TLF/sb/n on input 
line 109.
LaTeX Font Info:    Overwriting math alphabet `\mathbf' in version `bold'
(Font)                  OT1/cmr/bx/n --> OT1/LinuxLibertineT-TLF/sb/n on input 
line 109.
LaTeX Font Info:    Overwriting math alphabet `\mathit' in version `bold'
(Font)                  OT1/LinuxLibertineT-TLF/m/it --> OT1/LinuxLibertineT-TL
F/sb/it on input line 110.
LaTeX Font Info:    Overwriting math alphabet `\mathsf' in version `bold'
(Font)                  OT1/LinuxBiolinumT-TLF/m/n --> OT1/LinuxBiolinumT-TLF/b
/n on input line 111.
LaTeX Font Info:    Overwriting math alphabet `\mathtt' in version `bold'
(Font)                  OT1/zi4/m/n --> OT1/zi4/b/n on input line 112.
LaTeX Font Info:    Redeclaring symbol font `letters' on input line 118.
LaTeX Font Info:    Overwriting symbol font `letters' in version `normal'
(Font)                  OML/cmm/m/it --> OML/nxlmi/m/it on input line 118.
LaTeX Font Info:    Overwriting symbol font `letters' in version `bold'
(Font)                  OML/cmm/b/it --> OML/nxlmi/m/it on input line 118.
LaTeX Font Info:    Overwriting symbol font `letters' in version `bold'
(Font)                  OML/nxlmi/m/it --> OML/nxlmi/b/it on input line 119.
\symlettersA=\mathgroup4
LaTeX Font Info:    Overwriting symbol font `lettersA' in version `bold'
(Font)                  U/ntxmia/m/it --> U/ntxmia/b/it on input line 156.
LaTeX Font Info:    Redeclaring symbol font `symbols' on input line 164.
LaTeX Font Info:    Overwriting symbol font `symbols' in version `normal'
(Font)                  OMS/cmsy/m/n --> OMS/ntxsy/m/n on input line 164.
LaTeX Font Info:    Overwriting symbol font `symbols' in version `bold'
(Font)                  OMS/cmsy/b/n --> OMS/ntxsy/m/n on input line 164.
LaTeX Font Info:    Overwriting symbol font `symbols' in version `bold'
(Font)                  OMS/ntxsy/m/n --> OMS/ntxsy/b/n on input line 165.
\symAMSa=\mathgroup5
LaTeX Font Info:    Overwriting symbol font `AMSa' in version `bold'
(Font)                  U/ntxsya/m/n --> U/ntxsya/b/n on input line 181.
\symAMSb=\mathgroup6
LaTeX Font Info:    Overwriting symbol font `AMSb' in version `bold'
(Font)                  U/ntxsyb/m/n --> U/ntxsyb/b/n on input line 190.
\symsymbolsC=\mathgroup7
LaTeX Font Info:    Overwriting symbol font `symbolsC' in version `bold'
(Font)                  U/ntxsyc/m/n --> U/ntxsyc/b/n on input line 201.
LaTeX Font Info:    Redeclaring symbol font `largesymbols' on input line 214.
LaTeX Font Info:    Encoding `OMX' has changed to `LMX' for symbol font
(Font)              `largesymbols' in the math version `normal' on input line 2
14.
LaTeX Font Info:    Overwriting symbol font `largesymbols' in version `normal'
(Font)                  OMX/cmex/m/n --> LMX/ntxexx/m/n on input line 214.
LaTeX Font Info:    Encoding `OMX' has changed to `LMX' for symbol font
(Font)              `largesymbols' in the math version `bold' on input line 214
.
LaTeX Font Info:    Overwriting symbol font `largesymbols' in version `bold'
(Font)                  OMX/cmex/m/n --> LMX/ntxexx/m/n on input line 214.
LaTeX Font Info:    Overwriting symbol font `largesymbols' in version `bold'
(Font)                  LMX/ntxexx/m/n --> LMX/ntxexx/b/n on input line 215.
\symlargesymbolsTXA=\mathgroup8
LaTeX Font Info:    Overwriting symbol font `largesymbolsTXA' in version `bold'

(Font)                  U/ntxexa/m/n --> U/ntxexa/b/n on input line 229.
LaTeX Info: Redefining \not on input line 1550.
)
(/usr/local/texlive/2014/texmf-dist/tex/latex/caption/caption.sty
Package: caption 2013/05/02 v3.3-89 Customizing captions (AR)

(/usr/local/texlive/2014/texmf-dist/tex/latex/caption/caption3.sty
Package: caption3 2013/05/02 v1.6-88 caption3 kernel (AR)
Package caption3 Info: TeX engine: e-TeX on input line 57.
\captionmargin=\dimen146
\captionmargin@=\dimen147
\captionwidth=\dimen148
\caption@tempdima=\dimen149
\caption@indent=\dimen150
\caption@parindent=\dimen151
\caption@hangindent=\dimen152
)
\c@ContinuedFloat=\count128
)
(/usr/local/texlive/2014/texmf-dist/tex/latex/oberdiek/hypdoc.sty
Package: hypdoc 2011/08/19 v1.11 Hyper extensions for doc.sty (HO)

(/usr/local/texlive/2014/texmf-dist/tex/latex/oberdiek/atveryend.sty
Package: atveryend 2011/06/30 v1.8 Hooks at the very end of document (HO)
Package atveryend Info: \enddocument detected (standard20110627).
)
(/usr/local/texlive/2014/texmf-dist/tex/latex/hyperref/hyperref.sty
Package: hyperref 2012/11/06 v6.83m Hypertext links for LaTeX

(/usr/local/texlive/2014/texmf-dist/tex/generic/oberdiek/hobsub-hyperref.sty
Package: hobsub-hyperref 2012/05/28 v1.13 Bundle oberdiek, subset hyperref (HO)


(/usr/local/texlive/2014/texmf-dist/tex/generic/oberdiek/hobsub-generic.sty
Package: hobsub-generic 2012/05/28 v1.13 Bundle oberdiek, subset generic (HO)
Package: hobsub 2012/05/28 v1.13 Construct package bundles (HO)
Package hobsub Info: Skipping package `infwarerr' (already loaded).
Package hobsub Info: Skipping package `ltxcmds' (already loaded).
Package hobsub Info: Skipping package `ifluatex' (already loaded).
Package: ifvtex 2010/03/01 v1.5 Detect VTeX and its facilities (HO)
Package ifvtex Info: VTeX not detected.
Package: intcalc 2007/09/27 v1.1 Expandable calculations with integers (HO)
Package: ifpdf 2011/01/30 v2.3 Provides the ifpdf switch (HO)
Package ifpdf Info: pdfTeX in PDF mode is detected.
Package: etexcmds 2011/02/16 v1.5 Avoid name clashes with e-TeX commands (HO)
Package etexcmds Info: Could not find \expanded.
(etexcmds)             That can mean that you are not using pdfTeX 1.50 or
(etexcmds)             that some package has redefined \expanded.
(etexcmds)             In the latter case, load this package earlier.
Package: kvsetkeys 2012/04/25 v1.16 Key value parser (HO)
Package: kvdefinekeys 2011/04/07 v1.3 Define keys (HO)
Package: pdftexcmds 2011/11/29 v0.20 Utility functions of pdfTeX for LuaTeX (HO
)
Package pdftexcmds Info: LuaTeX not detected.
Package pdftexcmds Info: \pdf@primitive is available.
Package pdftexcmds Info: \pdf@ifprimitive is available.
Package pdftexcmds Info: \pdfdraftmode found.
Package: pdfescape 2011/11/25 v1.13 Implements pdfTeX's escape features (HO)
Package: bigintcalc 2012/04/08 v1.3 Expandable calculations on big integers (HO
)
Package: bitset 2011/01/30 v1.1 Handle bit-vector datatype (HO)
Package: uniquecounter 2011/01/30 v1.2 Provide unlimited unique counter (HO)
)
Package hobsub Info: Skipping package `hobsub' (already loaded).
Package: letltxmacro 2010/09/02 v1.4 Let assignment for LaTeX macros (HO)
Package: hopatch 2012/05/28 v1.2 Wrapper for package hooks (HO)
Package: xcolor-patch 2011/01/30 xcolor patch
Package hobsub Info: Skipping package `atveryend' (already loaded).
Package: atbegshi 2011/10/05 v1.16 At begin shipout hook (HO)
Package: refcount 2011/10/16 v3.4 Data extraction from label references (HO)
Package: hycolor 2011/01/30 v1.7 Color options for hyperref/bookmark (HO)
)
(/usr/local/texlive/2014/texmf-dist/tex/latex/oberdiek/auxhook.sty
Package: auxhook 2011/03/04 v1.3 Hooks for auxiliary files (HO)
)
(/usr/local/texlive/2014/texmf-dist/tex/latex/oberdiek/kvoptions.sty
Package: kvoptions 2011/06/30 v3.11 Key value format for package options (HO)
)
\@linkdim=\dimen153
\Hy@linkcounter=\count129
\Hy@pagecounter=\count130

(/usr/local/texlive/2014/texmf-dist/tex/latex/hyperref/pd1enc.def
File: pd1enc.def 2012/11/06 v6.83m Hyperref: PDFDocEncoding definition (HO)
)
\Hy@SavedSpaceFactor=\count131

(/usr/local/texlive/2014/texmf-dist/tex/latex/latexconfig/hyperref.cfg
File: hyperref.cfg 2002/06/06 v1.2 hyperref configuration of TeXLive
)
Package hyperref Info: Option `hyperindex' set `false' on input line 4319.
Package hyperref Info: Option `pdfusetitle' set `true' on input line 4319.
Package hyperref Info: Option `colorlinks' set `true' on input line 4319.
Package hyperref Info: Option `pdfpagelabels' set `true' on input line 4319.
Package hyperref Info: Hyper figures OFF on input line 4443.
Package hyperref Info: Link nesting OFF on input line 4448.
Package hyperref Info: Hyper index OFF on input line 4453.
Package hyperref Info: Plain pages OFF on input line 4458.
Package hyperref Info: Backreferencing OFF on input line 4463.
Package hyperref Info: Implicit mode ON; LaTeX internals redefined.
Package hyperref Info: Bookmarks ON on input line 4688.
\c@Hy@tempcnt=\count132

(/usr/local/texlive/2014/texmf-dist/tex/latex/url/url.sty
\Urlmuskip=\muskip11
Package: url 2013/09/16  ver 3.4  Verb mode for urls, etc.
)
LaTeX Info: Redefining \url on input line 5041.
\XeTeXLinkMargin=\dimen154
\Fld@menulength=\count133
\Field@Width=\dimen155
\Fld@charsize=\dimen156
Package hyperref Info: Hyper figures OFF on input line 6295.
Package hyperref Info: Link nesting OFF on input line 6300.
Package hyperref Info: Hyper index OFF on input line 6305.
Package hyperref Info: backreferencing OFF on input line 6310.
Package hyperref Info: Link coloring ON on input line 6313.
Package hyperref Info: Link coloring with OCG OFF on input line 6320.
Package hyperref Info: PDF/A mode OFF on input line 6325.
LaTeX Info: Redefining \ref on input line 6365.
LaTeX Info: Redefining \pageref on input line 6369.
\Hy@abspage=\count134
\c@Item=\count135
\c@Hfootnote=\count136
)

Package hyperref Message: Driver (autodetected): hpdftex.

(/usr/local/texlive/2014/texmf-dist/tex/latex/hyperref/hpdftex.def
File: hpdftex.def 2012/11/06 v6.83m Hyperref driver for pdfTeX
\Fld@listcount=\count137
\c@bookmark@seq@number=\count138

(/usr/local/texlive/2014/texmf-dist/tex/latex/oberdiek/rerunfilecheck.sty
Package: rerunfilecheck 2011/04/15 v1.7 Rerun checks for auxiliary files (HO)
Package uniquecounter Info: New unique counter `rerunfilecheck' on input line 2
82.
)
\Hy@SectionHShift=\skip52
)
Package hyperref Info: Option `plainpages' set `false' on input line 60.
Package hyperref Info: Option `bookmarksopen' set `true' on input line 60.
Package hyperref Info: Option `bookmarksnumbered' set `true' on input line 60.

(/usr/local/texlive/2014/texmf-dist/tex/generic/thumbpdf/thumbpdf.sty
Package: thumbpdf 2012/04/18 v3.15 Inclusion of thumbnails (HO)


Package thumbpdf Warning: Compressed PDF objects of PDF 1.5 are not supported.


Package thumbpdf Warning: Thumbnail data file `acmart.tpt' not found.

)
\c@HD@unique=\count139
\c@HD@hypercount=\count140
\HD@helplength=\skip53
)
\@indexfile=\write4
\openout4 = `acmart.idx'.


Writing index file acmart.idx
\@glossaryfile=\write5
\openout5 = `acmart.glo'.

Writing glossary file acmart.glo 
(./acmart.aux
LaTeX Font Info:    Try loading font information for OT1+LinuxLibertineT-TLF on
 input line 134.

(/usr/local/texlive/2014/texmf-dist/tex/latex/libertine/OT1LinuxLibertineT-TLF.
fd
File: OT1LinuxLibertineT-TLF.fd 2012/11/26 (autoinst) Font definitions for OT1/
LinuxLibertineT-TLF.
)
LaTeX Font Info:    Font shape `OT1/LinuxLibertineT-TLF/m/n' will be
(Font)              scaled to size 10.0pt on input line 134.
LaTeX Font Info:    Font shape `OT1/LinuxLibertineT-TLF/m/n' will be
(Font)              scaled to size 7.0pt on input line 134.
)
\openout1 = `acmart.aux'.

LaTeX Font Info:    Checking defaults for OML/nxlmi/m/it on input line 1742.
LaTeX Font Info:    Try loading font information for OML+nxlmi on input line 17
42.
 (/usr/local/texlive/2014/texmf-dist/tex/latex/newtx/omlnxlmi.fd
File: omlnxlmi.fd 2013/11/19 Fontinst v1.933 font definitions for OML/nxlmi.
)
LaTeX Font Info:    ... okay on input line 1742.
LaTeX Font Info:    Checking defaults for T1/cmr/m/n on input line 1742.
LaTeX Font Info:    ... okay on input line 1742.
LaTeX Font Info:    Checking defaults for OT1/cmr/m/n on input line 1742.
LaTeX Font Info:    ... okay on input line 1742.
LaTeX Font Info:    Checking defaults for OMS/ntxsy/m/n on input line 1742.
LaTeX Font Info:    Try loading font information for OMS+ntxsy on input line 17
42.

(/usr/local/texlive/2014/texmf-dist/tex/latex/newtx/omsntxsy.fd
File: omsntxsy.fd 2012/11/14 Fontinst v1.933 font definitions for OMS/ntxsy.
)
LaTeX Font Info:    ... okay on input line 1742.
LaTeX Font Info:    Checking defaults for OMX/cmex/m/n on input line 1742.
LaTeX Font Info:    ... okay on input line 1742.
LaTeX Font Info:    Checking defaults for U/ntxexa/m/n on input line 1742.
LaTeX Font Info:    Try loading font information for U+ntxexa on input line 174
2.

(/usr/local/texlive/2014/texmf-dist/tex/latex/newtx/untxexa.fd
File: untxexa.fd 2012/04/16 Fontinst v1.933 font definitions for U/ntxexa.
)
LaTeX Font Info:    ... okay on input line 1742.
LaTeX Font Info:    Checking defaults for TS1/cmr/m/n on input line 1742.
LaTeX Font Info:    Try loading font information for TS1+cmr on input line 1742
.

(/usr/local/texlive/2014/texmf-dist/tex/latex/base/ts1cmr.fd
File: ts1cmr.fd 1999/05/25 v2.5h Standard LaTeX font definitions
)
LaTeX Font Info:    ... okay on input line 1742.
LaTeX Font Info:    Checking defaults for LMX/ntxexx/m/n on input line 1742.
LaTeX Font Info:    ... okay on input line 1742.
LaTeX Font Info:    Checking defaults for PD1/pdf/m/n on input line 1742.
LaTeX Font Info:    ... okay on input line 1742.
Package doc Info: Made | a short reference for \verb on input line 1742.

(/usr/local/texlive/2014/texmf-dist/tex/context/base/supp-pdf.mkii
[Loading MPS to PDF converter (version 2006.09.02).]
\scratchcounter=\count141
\scratchdimen=\dimen157
\scratchbox=\box55
\nofMPsegments=\count142
\nofMParguments=\count143
\everyMPshowfont=\toks26
\MPscratchCnt=\count144
\MPscratchDim=\dimen158
\MPnumerator=\count145
\makeMPintoPDFobject=\count146
\everyMPtoPDFconversion=\toks27
) (/usr/local/texlive/2014/texmf-dist/tex/latex/oberdiek/epstopdf-base.sty
Package: epstopdf-base 2010/02/09 v2.5 Base part for package epstopdf

(/usr/local/texlive/2014/texmf-dist/tex/latex/oberdiek/grfext.sty
Package: grfext 2010/08/19 v1.1 Manage graphics extensions (HO)
)
Package grfext Info: Graphics extension search list:
(grfext)             [.png,.pdf,.jpg,.mps,.jpeg,.jbig2,.jb2,.PNG,.PDF,.JPG,.JPE
G,.JBIG2,.JB2,.eps]
(grfext)             \AppendGraphicsExtensions on input line 452.

(/usr/local/texlive/2014/texmf-dist/tex/latex/latexconfig/epstopdf-sys.cfg
File: epstopdf-sys.cfg 2010/07/13 v1.3 Configuration of (r)epstopdf for TeX Liv
e
))
\c@mv@tabular=\count147
\c@mv@boldtabular=\count148

(/usr/local/texlive/2014/texmf-dist/tex/latex/upquote/upquote.sty
Package: upquote 2012/04/19 v1.3 upright-quote and grave-accent glyphs in verba
tim
)
Package caption Info: Begin \AtBeginDocument code.
Package caption Info: hyperref package is loaded.
Package caption Info: End \AtBeginDocument code.
\AtBeginShipoutBox=\box56

(/usr/local/texlive/2014/texmf-dist/tex/latex/graphics/color.sty
Package: color 2014/04/23 v1.1a Standard LaTeX Color (DPC)

(/usr/local/texlive/2014/texmf-dist/tex/latex/latexconfig/color.cfg
File: color.cfg 2007/01/18 v1.5 color configuration of teTeX/TeXLive
)
Package color Info: Driver file: pdftex.def on input line 137.
)
Package hyperref Info: Link coloring ON on input line 1742.

(/usr/local/texlive/2014/texmf-dist/tex/latex/hyperref/nameref.sty
Package: nameref 2012/10/27 v2.43 Cross-referencing by name of section

(/usr/local/texlive/2014/texmf-dist/tex/generic/oberdiek/gettitlestring.sty
Package: gettitlestring 2010/12/03 v1.4 Cleanup title references (HO)
)
\c@section@level=\count149
)
LaTeX Info: Redefining \ref on input line 1742.
LaTeX Info: Redefining \pageref on input line 1742.
LaTeX Info: Redefining \nameref on input line 1742.

(./acmart.out) (./acmart.out)
\@outlinefile=\write6
\openout6 = `acmart.out'.

 (./acmart.hd)
\HD@savedest@out=\write7
\openout7 = `acmart.hd'.

 (./acmart.dtx
***************************
* Character table correct *
***************************
Package doc Info: Made  a short reference for \verb on input line 46.
LaTeX Font Info:    Font shape `OT1/LinuxLibertineT-TLF/m/n' will be
(Font)              scaled to size 17.28pt on input line 68.
LaTeX Font Info:    Font shape `OT1/LinuxLibertineT-TLF/m/n' will be
(Font)              scaled to size 12.5pt on input line 68.
LaTeX Font Info:    Font shape `OT1/LinuxLibertineT-TLF/m/n' will be
(Font)              scaled to size 9.4pt on input line 68.
LaTeX Font Info:    Try loading font information for U+ntxmia on input line 68.

(/usr/local/texlive/2014/texmf-dist/tex/latex/newtx/untxmia.fd
File: untxmia.fd 2012/04/16 Fontinst v1.933 font definitions for U/ntxmia.
)
LaTeX Font Info:    Try loading font information for U+ntxsya on input line 68.


(/usr/local/texlive/2014/texmf-dist/tex/latex/newtx/untxsya.fd
File: untxsya.fd 2012/04/12 Fontinst v1.933 font definitions for U/ntxsya.
)
LaTeX Font Info:    Try loading font information for U+ntxsyb on input line 68.


(/usr/local/texlive/2014/texmf-dist/tex/latex/newtx/untxsyb.fd
File: untxsyb.fd 2012/04/12 Fontinst v1.933 font definitions for U/ntxsyb.
)
LaTeX Font Info:    Try loading font information for U+ntxsyc on input line 68.


(/usr/local/texlive/2014/texmf-dist/tex/latex/newtx/untxsyc.fd
File: untxsyc.fd 2012/04/12 Fontinst v1.933 font definitions for U/ntxsyc.
)
LaTeX Font Info:    Font shape `OT1/LinuxLibertineT-TLF/m/it' will be
(Font)              scaled to size 17.28pt on input line 68.
LaTeX Font Info:    Font shape `OT1/LinuxLibertineT-TLF/m/n' will be
(Font)              scaled to size 12.0pt on input line 68.
LaTeX Font Info:    Font shape `OT1/LinuxLibertineT-TLF/m/n' will be
(Font)              scaled to size 8.8pt on input line 68.
LaTeX Font Info:    Font shape `OT1/LinuxLibertineT-TLF/m/n' will be
(Font)              scaled to size 6.6pt on input line 68.
LaTeX Font Info:    Font shape `OT1/LinuxLibertineT-TLF/m/n' will be
(Font)              scaled to size 8.0pt on input line 68.
LaTeX Font Info:    Font shape `OT1/LinuxLibertineT-TLF/m/n' will be
(Font)              scaled to size 6.2pt on input line 68.
LaTeX Font Info:    Font shape `OT1/LinuxLibertineT-TLF/m/n' will be
(Font)              scaled to size 5.5pt on input line 68.
LaTeX Font Info:    Try loading font information for TS1+LinuxLibertineT-TLF on
 input line 68.

(/usr/local/texlive/2014/texmf-dist/tex/latex/libertine/TS1LinuxLibertineT-TLF.
fd
File: TS1LinuxLibertineT-TLF.fd 2012/11/26 (autoinst) Font definitions for TS1/
LinuxLibertineT-TLF.
)
LaTeX Font Info:    Font shape `TS1/LinuxLibertineT-TLF/m/n' will be
(Font)              scaled to size 8.0pt on input line 68.
LaTeX Font Info:    Try loading font information for OT1+zi4 on input line 68.
 (/usr/local/texlive/2014/texmf-dist/tex/latex/inconsolata/ot1zi4.fd
File: ot1zi4.fd 2013/06/09 OT1/zi4 (Inconsolata)
)
LaTeX Font Info:    Font shape `OT1/LinuxLibertineT-TLF/m/n' will be
(Font)              scaled to size 9.0pt on input line 68.
LaTeX Font Info:    Font shape `OT1/LinuxLibertineT-TLF/b/n' will be
(Font)              scaled to size 9.0pt on input line 68.
LaTeX Font Info:    Font shape `OT1/LinuxLibertineT-TLF/m/n' will be
(Font)              scaled to size 14.4pt on input line 72.
LaTeX Font Info:    Font shape `OT1/LinuxLibertineT-TLF/b/n' will be
(Font)              scaled to size 14.4pt on input line 72.

(./acmart.toc
LaTeX Font Info:    Font shape `OT1/LinuxLibertineT-TLF/b/n' will be
(Font)              scaled to size 10.0pt on input line 1.
LaTeX Font Info:    Font shape `OT1/LinuxLibertineT-TLF/m/n' will be
(Font)              scaled to size 7.3pt on input line 3.
 [1

{/usr/local/texlive/2014/texmf-var/fonts/map/pdftex/updmap/pdftex.map}])
\tf@toc=\write8
\openout8 = `acmart.toc'.

 [2]
LaTeX Font Info:    Font shape `OT1/LinuxLibertineT-TLF/b/n' will be
(Font)              scaled to size 12.0pt on input line 144.
LaTeX Font Info:    Try loading font information for OT1+LinuxBiolinumT-TLF on 
input line 164.

(/usr/local/texlive/2014/texmf-dist/tex/latex/libertine/OT1LinuxBiolinumT-TLF.f
d
File: OT1LinuxBiolinumT-TLF.fd 2012/11/26 (autoinst) Font definitions for OT1/L
inuxBiolinumT-TLF.
)
LaTeX Font Info:    Font shape `OT1/LinuxBiolinumT-TLF/m/n' will be
(Font)              scaled to size 10.0pt on input line 164.
 [3

]
LaTeX Font Info:    Font shape `TS1/LinuxLibertineT-TLF/m/n' will be
(Font)              scaled to size 10.0pt on input line 186.
LaTeX Font Info:    Font shape `OT1/LinuxLibertineT-TLF/m/sl' in size <10> not 
available
(Font)              Font shape `OT1/LinuxLibertineT-TLF/m/it' tried instead on 
input line 186.
LaTeX Font Info:    Font shape `OT1/LinuxLibertineT-TLF/m/it' will be
(Font)              scaled to size 10.0pt on input line 186.
 [4] [5] [6]
LaTeX Font Info:    Font shape `OT1/LinuxLibertineT-TLF/m/sc' will be
(Font)              scaled to size 10.0pt on input line 316.


LaTeX Warning: \verb may be unreliable inside tabularx on input line 362.

[7]
LaTeX Font Info:    Font shape `OT1/LinuxLibertineT-TLF/m/scit' will be
(Font)              scaled to size 10.0pt on input line 491.
 [8] [9]

LaTeX Warning: Marginpar on page 10 moved.


LaTeX Warning: Marginpar on page 10 moved.


LaTeX Warning: Marginpar on page 10 moved.

[10]
Overfull \hbox (110.37592pt too wide) in paragraph at lines 599--605
[][][]\OT1/LinuxLibertineT-TLF/m/n/10 In some cases too many af-fil-i-a-tions t
ake too much space. The com-mand \OT1/zi4/m/n/10 \additionalaffiliation{$\OMS/n
txsy/m/n/10 h$[]\OT1/LinuxLibertineT-TLF/m/it/10 affiliation$\OMS/ntxsy/m/n/10 
i$[]\OT1/zi4/m/n/10 }
 []


LaTeX Warning: Marginpar on page 11 moved.


LaTeX Warning: Marginpar on page 11 moved.


LaTeX Warning: Marginpar on page 11 moved.


LaTeX Warning: Marginpar on page 11 moved.


LaTeX Warning: Marginpar on page 11 moved.


LaTeX Warning: Marginpar on page 11 moved.


LaTeX Warning: Marginpar on page 11 moved.

[11] [12] [13]

LaTeX Warning: Marginpar on page 14 moved.


LaTeX Warning: Marginpar on page 14 moved.


LaTeX Warning: Marginpar on page 14 moved.


LaTeX Warning: Marginpar on page 14 moved.


LaTeX Warning: Marginpar on page 14 moved.


LaTeX Warning: Marginpar on page 14 moved.

[14]
Overfull \hbox (11.291pt too wide) in paragraph at lines 870--874
[][][]\OT1/LinuxLibertineT-TLF/m/n/10 Book-like vol-umes have ISBN num-bers at-
tached to them. The macro \OT1/zi4/m/n/10 \acmISBN{$\OMS/ntxsy/m/n/10 h$[]\OT1/
LinuxLibertineT-TLF/m/it/10 ISBN$\OMS/ntxsy/m/n/10 i$[]\OT1/zi4/m/n/10 }
 []


LaTeX Warning: Marginpar on page 15 moved.

[15]

LaTeX Warning: Marginpar on page 16 moved.


LaTeX Warning: Marginpar on page 16 moved.

[16]
LaTeX Font Info:    Try loading font information for OMS+zi4 on input line 987.

LaTeX Font Info:    No file OMSzi4.fd. on input line 987.


LaTeX Font Warning: Font shape `OMS/zi4/m/n' undefined
(Font)              using `OMS/ntxsy/m/n' instead
(Font)              for symbol `textbackslash' on input line 987.

[17]
Overfull \hbox (5.19305pt too wide) in paragraph at lines 1077--1083
\OT1/LinuxLibertineT-TLF/m/n/10 au-thors' in-for-ma-tion is type-set in boxes, 
sev-eral boxes per row (see []\OT1/zi4/m/n/10 sample-sigconf.pdf\OT1/LinuxLiber
tineT-TLF/m/n/10 ,
 []

[18] [19]
Overfull \hbox (25.52638pt too wide) in paragraph at lines 1171--1175
[]\OT1/LinuxLibertineT-TLF/m/n/10 For []\OT1/zi4/m/n/10 figure \OT1/LinuxLibert
ineT-TLF/m/n/10 in one-column mode, []\OT1/zi4/m/n/10 figure* \OT1/LinuxLiberti
neT-TLF/m/n/10 in two-column mode or []\OT1/zi4/m/n/10 teaserfigure\OT1/LinuxLi
bertineT-TLF/m/n/10 ---
 []

[20]

LaTeX Warning: Marginpar on page 21 moved.


LaTeX Warning: Marginpar on page 21 moved.


LaTeX Warning: Marginpar on page 21 moved.

[21]

LaTeX Warning: Marginpar on page 22 moved.

[22]
Overfull \hbox (24.85573pt too wide) in paragraph at lines 1380--1387
\OT1/LinuxLibertineT-TLF/m/n/10 ACM uses the \OT1/LinuxLibertineT-TLF/m/it/10 n
at-bib \OT1/LinuxLibertineT-TLF/m/n/10 pack-age for for-mat-ting ref-er-ences a
nd the style $\OT1/zi4/m/n/10 ACM-[]Reference-[]Format .
 []


Overfull \hbox (36.01866pt too wide) in paragraph at lines 1410--1412
[]\OT1/LinuxLibertineT-TLF/m/n/10 There are sev-eral cus-tomized B\OT1/LinuxLib
ertineT-TLF/m/sc/10 ib\OT1/LinuxLibertineT-TLF/m/n/10 T[]X en-tries and fields 
in ACM style $\OT1/zi4/m/n/10 ACM-[]Reference-[]Format .
 []


Overfull \hbox (1.27255pt too wide) in paragraph at lines 1419--1421
[]\OT1/LinuxLibertineT-TLF/m/n/10 The style sup-ports arXiv rec-om-mended field
s $\OT1/zi4/m/n/10 eprint$ \OT1/LinuxLibertineT-TLF/m/n/10 and (op-tion-ally) $
\OT1/zi4/m/n/10 primaryclass$\OT1/LinuxLibertineT-TLF/m/n/10 ,
 []

[23] [24] [25]
LaTeX Font Info:    Font shape `OT1/zi4/bx/n' in size <12> not available
(Font)              Font shape `OT1/zi4/b/n' tried instead on input line 1589.

Overfull \hbox (7.68pt too wide) in paragraph at lines 1598--1603
\OT1/zi4/m/n/10 stackexchange . com / questions / 357265 / using-[]titletoc-[]w
ith-[]acm-[]acmart-[]style$[][]\OT1/LinuxLibertineT-TLF/m/n/10 ). 
 []


Overfull \hbox (2.38591pt too wide) in paragraph at lines 1604--1607
[]\OT1/LinuxLibertineT-TLF/m/n/10 Another ex-am-ple is pass-ing op-tions to pac
k-age. Sup-pose you want to use []\OT1/zi4/m/n/10 dvipsnames
 []

[26] [27]
LaTeX Font Info:    Font shape `OT1/LinuxBiolinumT-TLF/m/n' will be
(Font)              scaled to size 9.0pt on input line 1656.
LaTeX Font Info:    Font shape `OT1/LinuxBiolinumT-TLF/m/n' will be
(Font)              scaled to size 7.3pt on input line 1656.
LaTeX Font Info:    Font shape `OT1/LinuxBiolinumT-TLF/m/n' will be
(Font)              scaled to size 5.5pt on input line 1656.
 [28

]
Overfull \hbox (10.76996pt too wide) in paragraph at lines 1798--1798
 [][]\OT1/zi4/m/n/9 \def\@DeclareACMFormat#1{\DeclareOptionX{#1}{\setkeys{acmar
t.cls}{format=#1}}} 
 []

[29] [30] [31] [32] [33] [34] [35] [36] [37] [38] [39] [40] [41]
Overfull \hbox (54.68228pt too wide) in paragraph at lines 2728--2730
[]\OT1/LinuxLibertineT-TLF/m/n/10 Added some stretch ac-cord-ing to David Carli
sle's ad-vice at http://tex.stackexchange.com/a/62318/5522 
 []

[42] [43] [44] [45] [46] [47]
Overfull \hbox (12.57pt too wide) in paragraph at lines 3350--3350
 [][]  \OT1/zi4/m/n/9 \def\@journalNameShort{Proc. ACM Interact. Mob. Wearable 
Ubiquitous Technol.}% 
 []

[48]
Overfull \hbox (7.17001pt too wide) in paragraph at lines 3350--3350
 [][]  \OT1/zi4/m/n/9 \def\@journalName{ACM Journal on Emerging Technologies in
 Computing Systems}% 
 []


Overfull \hbox (67.47003pt too wide) in paragraph at lines 3350--3350
 [][]  \OT1/zi4/m/n/9 \def\@journalName{Proceedings of the ACM on Measurement a
nd Analysis of Computing Systems}% 
 []


Overfull \hbox (82.77002pt too wide) in paragraph at lines 3350--3350
 [][]  \OT1/zi4/m/n/9 \def\@journalName{ACM Transactions on Asian and Low-Resou
rce Language Information Processing}% 
 []

[49] [50]
Overfull \hbox (16.17001pt too wide) in paragraph at lines 3350--3350
 [][]  \OT1/zi4/m/n/9 \def\@journalName{ACM Transactions on Design Automation o
f Electronic Systems}% 
 []


Overfull \hbox (79.17001pt too wide) in paragraph at lines 3350--3350
 [][]  \OT1/zi4/m/n/9 \def\@journalName{ACM Transactions on Multimedia Computin
g, Communications and Applications}% 
 []


Overfull \hbox (90.87003pt too wide) in paragraph at lines 3350--3350
 [][]  \OT1/zi4/m/n/9 \def\@journalName{ACM Transactions on Modeling and Perfor
mance Evaluation of Computing Systems}% 
 []

[51]
Overfull \hbox (3.57pt too wide) in paragraph at lines 3350--3350
 [][]  \OT1/zi4/m/n/9 \def\@journalName{ACM Transactions on Software Engineerin
g and Methodology}% 
 []


Overfull \hbox (8.07pt too wide) in paragraph at lines 3350--3350
 [][]  \OT1/zi4/m/n/9 \def\@journalName{ACM Transactions on Reconfigurable Tech
nology and Systems}% 
 []

[52] [53] [54] [55] [56] [57] [58] [59]
Overfull \hbox (10.76999pt too wide) in paragraph at lines 4099--4099
 [][]    \OT1/zi4/m/n/9 \expandafter\g@addto@macro\expandafter{\csname CCS@Spec
ific@#2\endcsname}{% 
 []

[60] [61] [62]
Overfull \hbox (28.77005pt too wide) in paragraph at lines 4371--4371
 [][]   \OT1/zi4/m/n/9 by an employee, contractor, or affiliate of the United S
tates government. As such, 
 []

[63] [64] [65]
Overfull \hbox (58.47003pt too wide) in paragraph at lines 4586--4586
 [][]         \OT1/zi4/m/n/9 {\itshape \acmConference@shortname, \acmConference
@date, \acmConference@venue}\par 
 []

[66] [67] [68] [69] [70]
Overfull \hbox (0.87006pt too wide) in paragraph at lines 4840--4840
 [][]                \OT1/zi4/m/n/9 \includegraphics[width=\@ACM@badge@width]{\
@acmBadgeL@image}}}% 
 []

[71]
Overfull \hbox (0.87006pt too wide) in paragraph at lines 4840--4840
 [][]                \OT1/zi4/m/n/9 \includegraphics[width=\@ACM@badge@width]{\
@acmBadgeR@image}}}% 
 []


Overfull \hbox (8.06998pt too wide) in paragraph at lines 4940--4940
 [][]  \OT1/zi4/m/n/9 \def\country#1{\if@ACM@affiliation@obeypunctuation\else, 
\fi#1\ignorespaces} 
 []

[72]
Overfull \hbox (4.46997pt too wide) in paragraph at lines 4940--4940
 [][]\OT1/zi4/m/n/9 %  \def\streetaddress#1{\if@ACM@affiliation@obeypunctuation
#1\else#1\par\fi}% 
 []


Overfull \hbox (22.46997pt too wide) in paragraph at lines 4940--4940
 [][]\OT1/zi4/m/n/9 %  \def\postcode#1{\if@ACM@affiliation@obeypunctuation#1\el
se\unskip\space#1\fi}% 
 []

[73] [74] [75] [76] [77]
Overfull \hbox (2.66998pt too wide) in paragraph at lines 5399--5399
 [][]  \OT1/zi4/m/n/9 \def\@pages@word{\ifnum\getrefnumber{TotPages}=1\relax pa
ge\else pages\fi}% 
 []

[78] [79]
Overfull \hbox (12.57pt too wide) in paragraph at lines 5520--5520
 [][]  \OT1/zi4/m/n/9 \setcounter{ACM@time@minutes}{\numexpr \time - \theACM@ti
me@hours * 60 \relax} 
 []

[80]
Overfull \hbox (74.66998pt too wide) in paragraph at lines 5627--5627
 [][]    \OT1/zi4/m/n/9 \fancyhead[LE]{\ACM@linecountL\@headfootfont\@acmArticl
e\if@ACM@printfolios:\thepage\fi}% 
 []


Overfull \hbox (7.16998pt too wide) in paragraph at lines 5627--5627
 [][]    \OT1/zi4/m/n/9 \fancyhead[RO]{\@headfootfont\@acmArticle\if@ACM@printf
olios:\thepage\fi}% 
 []


Overfull \hbox (41.37pt too wide) in paragraph at lines 5627--5627
 [][]      \OT1/zi4/m/n/9 \@acmArticle\if@ACM@printfolios:\thepage\fi\quad\text
bullet\quad\@shortauthors}% 
 []


Overfull \hbox (27.87pt too wide) in paragraph at lines 5627--5627
 [][]      \OT1/zi4/m/n/9 \shorttitle\quad\textbullet\quad\@acmArticle\if@ACM@p
rintfolios:\thepage\fi}% 
 []


Overfull \hbox (41.37pt too wide) in paragraph at lines 5627--5627
 [][]      \OT1/zi4/m/n/9 \@acmArticle\if@ACM@printfolios:\thepage\fi\quad\text
bullet\quad\@shortauthors}% 
 []


Overfull \hbox (95.37pt too wide) in paragraph at lines 5627--5627
 [][]      \OT1/zi4/m/n/9 \shorttitle\quad\textbullet\quad\@acmArticle\if@ACM@p
rintfolios:\thepage\fi\ACM@linecountR}% 
 []

[81] [82] [83] [84]
Overfull \hbox (9.86996pt too wide) in paragraph at lines 5873--5873
 [][] \OT1/zi4/m/n/9 \def\@secfont{\sffamily\bfseries\Large\section@raggedright
\MakeTextUppercase} 
 []

[85] [86]
Overfull \hbox (0.87pt too wide) in paragraph at lines 5980--5980
 [][]  \OT1/zi4/m/n/9 {\thmname{#1}\thmnumber{ #2}\thmnote{ {\@acmplainnotefont
(#3)}}}% head spec 
 []

[87]
Overfull \hbox (23.37pt too wide) in paragraph at lines 6050--6050
 [][]  \OT1/zi4/m/n/9 {\thmname{#1}\thmnumber{ #2}\thmnote{ {\@acmdefinitionnot
efont(#3)}}}% head spec 
 []


Overfull \hbox (144.45305pt too wide) in paragraph at lines 6059--6069
\OT1/LinuxLibertineT-TLF/m/n/10 ments are de-fined in or-der to show the cor-re
ct en-vi-ron-ment name (see https://github.com/borisveytsman/acmart/issues/138)
.
 []

[88] [89] [90] (./acmart.bbl
LaTeX Font Info:    Font shape `OT1/LinuxBiolinumT-TLF/m/it' will be
(Font)              scaled to size 10.0pt on input line 10.
LaTeX Font Info:    Font shape `OT1/LinuxLibertineT-TLF/m/it' will be
(Font)              scaled to size 7.3pt on input line 32.
)
**********************************
* This macro file has no checksum!
* The checksum should be 4804!
**********************************
[91

] (./acmart.gls
Underfull \hbox (badness 10000) in paragraph at lines 9--11
[]| \OT1/LinuxLibertineT-TLF/m/n/9 Gen-eral: Changed hy-per-ref col-ors 
 []


Underfull \hbox (badness 10000) in paragraph at lines 9--11
\OT1/zi4/m/n/9 / / github . com / borisveytsman / 
 []


Underfull \hbox (badness 10000) in paragraph at lines 12--14
[]| \OT1/LinuxLibertineT-TLF/m/n/9 Ex-plic-itly put draft op-tion 
 []


Underfull \hbox (badness 10000) in paragraph at lines 12--14
\OT1/LinuxLibertineT-TLF/m/n/9 (closes [][]$\OT1/zi4/m/n/9 https : / / github .
 com / 
 []


Underfull \hbox (badness 10000) in paragraph at lines 12--14
\OT1/zi4/m/n/9 borisveytsman / acmart / issues / 
 []


Underfull \hbox (badness 10000) in paragraph at lines 14--16
\OT1/LinuxLibertineT-TLF/m/n/9 (closes [][]$\OT1/zi4/m/n/9 https : / / github .
 com / 
 []


Underfull \hbox (badness 10000) in paragraph at lines 14--16
\OT1/zi4/m/n/9 borisveytsman / acmart / issues / 
 []


Underfull \hbox (badness 10000) in paragraph at lines 17--19
[]| \OT1/LinuxLibertineT-TLF/m/n/9 Gen-eral: Added TOPS and TSC 
 []


Underfull \hbox (badness 10000) in paragraph at lines 17--19
\OT1/LinuxLibertineT-TLF/m/n/9 (closes [][]$\OT1/zi4/m/n/9 https : / / github .
 com / 
 []


Underfull \hbox (badness 10000) in paragraph at lines 17--19
\OT1/zi4/m/n/9 borisveytsman / acmart / issues / 
 []


Underfull \hbox (badness 10000) in paragraph at lines 19--21
[]| \OT1/LinuxLibertineT-TLF/m/n/9 Doc-u-men-ta-tion changes (closes 
 []


Overfull \hbox (21.0pt too wide) in paragraph at lines 19--21
[][]$\OT1/zi4/m/n/9 https : / / github . com / borisveytsman / 
 []


Underfull \hbox (badness 10000) in paragraph at lines 24--26
[]| \OT1/LinuxLibertineT-TLF/m/n/9 Added au-thorver-sion op-tion 
 []


Underfull \hbox (badness 10000) in paragraph at lines 24--26
\OT1/LinuxLibertineT-TLF/m/n/9 (closes [][]$\OT1/zi4/m/n/9 https : / / github .
 com / 
 []


Underfull \hbox (badness 10000) in paragraph at lines 24--26
\OT1/zi4/m/n/9 borisveytsman / acmart / issues / 
 []


Underfull \hbox (badness 10000) in paragraph at lines 26--27
[]| []\OT1/zi4/m/n/9 \if@ACM@authorversion\OT1/LinuxLibertineT-TLF/m/n/9 : Adde
d 
 []


Underfull \hbox (badness 6842) in paragraph at lines 30--31
[]| []\OT1/zi4/m/n/9 \acmArticleSeq\OT1/LinuxLibertineT-TLF/m/n/9 : Name change
 by 
 []


Underfull \hbox (badness 10000) in paragraph at lines 36--38
\OT1/LinuxLibertineT-TLF/m/n/9 closes [][]$\OT1/zi4/m/n/9 https : / / github . 
com / 
 []


Underfull \hbox (badness 10000) in paragraph at lines 36--38
\OT1/zi4/m/n/9 borisveytsman / acmart / issues / 
 []


Underfull \hbox (badness 10000) in paragraph at lines 42--43
[]| []\OT1/zi4/m/n/9 \@mktitle@i\OT1/LinuxLibertineT-TLF/m/n/9 : Added pro-cess
-ing 
 []


Underfull \hbox (badness 10000) in paragraph at lines 45--46
[]| []\OT1/zi4/m/n/9 \@mktitle@iii\OT1/LinuxLibertineT-TLF/m/n/9 : Added pro-ce
ss-ing 
 []


Underfull \hbox (badness 6708) in paragraph at lines 59--60
[]| \OT1/LinuxLibertineT-TLF/m/n/9 Gen-eral: SIG-PLAN re-for-mat-ting by 
 []


Underfull \hbox (badness 10000) in paragraph at lines 62--63
[]| \OT1/LinuxLibertineT-TLF/m/n/9 Gen-eral: Re-vert SIG-PLAN cap-tion 
 []


Underfull \hbox (badness 10000) in paragraph at lines 65--67
\OT1/LinuxLibertineT-TLF/m/n/9 doi in manuscript and au-thor 
 []


Underfull \hbox (badness 10000) in paragraph at lines 65--67
\OT1/LinuxLibertineT-TLF/m/n/9 vert-sion, [][]$\OT1/zi4/m/n/9 https : / / githu
b . com / 
 []


Underfull \hbox (badness 10000) in paragraph at lines 65--67
\OT1/zi4/m/n/9 borisveytsman / acmart / issues / 
 []

[92

]
Overfull \hbox (28.57014pt too wide) in paragraph at lines 74--75
[]| []\OT1/zi4/m/n/9 \@parfont\OT1/LinuxLibertineT-TLF/m/n/9 : Moved to \OT1/zi
4/m/n/9 \section@raggedright   
 []


Underfull \hbox (badness 10000) in paragraph at lines 75--77
[]| \OT1/LinuxLibertineT-TLF/m/n/9 Gen-eral: Added grace-ful be-hav-ior 
 []


Overfull \hbox (3.624pt too wide) in paragraph at lines 78--79
[]| []\OT1/zi4/m/n/9 \copyrightpermissionfootnoterule\OT1/LinuxLibertineT-TLF/m
/n/9 : 
 []


Underfull \hbox (badness 10000) in paragraph at lines 81--82
[]| []\OT1/zi4/m/n/9 \if@ACM@natbib@override\OT1/LinuxLibertineT-TLF/m/n/9 : Ad
ded 
 []


Underfull \hbox (badness 10000) in paragraph at lines 84--85
[]| []\OT1/zi4/m/n/9 \section@raggedright\OT1/LinuxLibertineT-TLF/m/n/9 : In-tr
o-duced 
 []


Underfull \hbox (badness 7415) in paragraph at lines 86--87
[]| []\OT1/zi4/m/n/9 \@mpfootnotetext\OT1/LinuxLibertineT-TLF/m/n/9 : Made mini
-page 
 []


Underfull \hbox (badness 10000) in paragraph at lines 92--93
[]| []\OT1/zi4/m/n/9 \bibliographystyle\OT1/LinuxLibertineT-TLF/m/n/9 : Re-de-f
ined 
 []


Underfull \hbox (badness 10000) in paragraph at lines 93--94
[]| []\OT1/zi4/m/n/9 \bibstyle@acmauthoryear\OT1/LinuxLibertineT-TLF/m/n/9 : Ad
ded 
 []


Underfull \hbox (badness 10000) in paragraph at lines 94--95
[]| []\OT1/zi4/m/n/9 \bibstyle@acmnumeric\OT1/LinuxLibertineT-TLF/m/n/9 : Added
 
 []


Underfull \hbox (badness 10000) in paragraph at lines 100--101
[]| \OT1/LinuxLibertineT-TLF/m/n/9 Gen-eral: \OT1/zi4/m/n/9 \citestyle \OT1/Lin
uxLibertineT-TLF/m/n/9 up-dates 
 []


Underfull \hbox (badness 10000) in paragraph at lines 102--104
[]| []\OT1/zi4/m/n/9 \bibstyle@acmauthoryear\OT1/LinuxLibertineT-TLF/m/n/9 : Mo
ved 
 []


Underfull \hbox (badness 10000) in paragraph at lines 112--113
[]| []\OT1/zi4/m/n/9 \author\OT1/LinuxLibertineT-TLF/m/n/9 : Added code for au-
thor 
 []


Underfull \hbox (badness 10000) in paragraph at lines 129--130
[]| \OT1/LinuxLibertineT-TLF/m/n/9 Gen-eral: For-mat-ting header/footer 
 []


Underfull \hbox (badness 10000) in paragraph at lines 130--131
[]| []\OT1/zi4/m/n/9 standardpagestyle\OT1/LinuxLibertineT-TLF/m/n/9 : Cus-tomi
ze 
 []

[93]
Underfull \hbox (badness 10000) in paragraph at lines 151--152
[]| []\OT1/zi4/m/n/9 \@typeset@author@line\OT1/LinuxLibertineT-TLF/m/n/9 : Adde
d 
 []


Underfull \hbox (badness 10000) in paragraph at lines 185--187
\OT1/LinuxLibertineT-TLF/m/n/9 to \OT1/zi4/m/n/9 \textrightarrow \OT1/LinuxLibe
rtineT-TLF/m/n/9 (Mat-teo 
 []


Underfull \hbox (badness 10000) in paragraph at lines 190--192
[]| []\OT1/zi4/m/n/9 \ccsdesc@parse\OT1/LinuxLibertineT-TLF/m/n/9 : Add spac-in
g af- 
 []


Underfull \hbox (badness 10000) in paragraph at lines 202--203
[]| []\OT1/zi4/m/n/9 \@additionalaffiliation\OT1/LinuxLibertineT-TLF/m/n/9 : Ad
ded 
 []


Overfull \hbox (18.51984pt too wide) in paragraph at lines 204--205
[]| []\OT1/zi4/m/n/9 \@startsection\OT1/LinuxLibertineT-TLF/m/n/9 : Added \OT1/
zi4/m/n/9 \tochangmeasure   
 []


Underfull \hbox (badness 10000) in paragraph at lines 212--213
[]| []\OT1/zi4/m/n/9 \additionalaffiliation\OT1/LinuxLibertineT-TLF/m/n/9 : Add
ed 
 []

[94]
Underfull \hbox (badness 10000) in paragraph at lines 220--221
[]| []\OT1/zi4/m/n/9 \@ACM@addtoaddress\OT1/LinuxLibertineT-TLF/m/n/9 : Added o
bey- 
 []


Overfull \hbox (0.51984pt too wide) in paragraph at lines 224--225
[]| []\OT1/zi4/m/n/9 \@subtitlefont\OT1/LinuxLibertineT-TLF/m/n/9 : Added \OT1/
zi4/m/n/9 \normalsize   
 []


Underfull \hbox (badness 6944) in paragraph at lines 232--234
[]| \OT1/LinuxLibertineT-TLF/m/n/9 Moved \OT1/zi4/m/n/9 \citename \OT1/LinuxLib
ertineT-TLF/m/n/9 def-i-ni-tion for 
 []


Underfull \hbox (badness 10000) in paragraph at lines 243--244
[]| []\OT1/zi4/m/n/9 \country\OT1/LinuxLibertineT-TLF/m/n/9 : Added obey-punc-t
u-a-tion 
 []


Overfull \hbox (17.124pt too wide) in paragraph at lines 245--246
[]| []\OT1/zi4/m/n/9 \if@ACM@affiliation@obeypunctuation\OT1/LinuxLibertineT-TL
F/m/n/9 : 
 []


Underfull \hbox (badness 10000) in paragraph at lines 247--248
[]| []\OT1/zi4/m/n/9 \if@ACM@natbib@override\OT1/LinuxLibertineT-TLF/m/n/9 : De
leted 
 []


Underfull \hbox (badness 10000) in paragraph at lines 248--249
[]| []\OT1/zi4/m/n/9 \if@ACM@timestamp\OT1/LinuxLibertineT-TLF/m/n/9 : Added ma
cro 
 []


Underfull \hbox (badness 10000) in paragraph at lines 250--251
[]| []\OT1/zi4/m/n/9 firstpagestyle\OT1/LinuxLibertineT-TLF/m/n/9 : Added right
 
 []


Underfull \hbox (badness 10000) in paragraph at lines 251--253
[]| \OT1/LinuxLibertineT-TLF/m/n/9 Added times-tamp (Michael 
 []


Underfull \hbox (badness 6842) in paragraph at lines 255--256
[]| []\OT1/zi4/m/n/9 \position\OT1/LinuxLibertineT-TLF/m/n/9 : Added obey-punc-
tu-a-tion 
 []


Underfull \hbox (badness 6842) in paragraph at lines 256--257
[]| []\OT1/zi4/m/n/9 \postcode\OT1/LinuxLibertineT-TLF/m/n/9 : Added obey-punc-
tu-a-tion 
 []


Underfull \hbox (badness 10000) in paragraph at lines 259--260
[]| []\OT1/zi4/m/n/9 standardpagestyle\OT1/LinuxLibertineT-TLF/m/n/9 : Added ri
ght 
 []


Underfull \hbox (badness 10000) in paragraph at lines 260--262
[]| \OT1/LinuxLibertineT-TLF/m/n/9 Added times-tamp (Michael 
 []


Underfull \hbox (badness 10000) in paragraph at lines 265--266
[]| []\OT1/zi4/m/n/9 \ACM@linecountL\OT1/LinuxLibertineT-TLF/m/n/9 : Rulers now
 are 
 []


Underfull \hbox (badness 10000) in paragraph at lines 266--267
[]| []\OT1/zi4/m/n/9 \ACM@linecountR\OT1/LinuxLibertineT-TLF/m/n/9 : Rulers now
 are 
 []


Underfull \hbox (badness 10000) in paragraph at lines 278--279
[]| []\OT1/zi4/m/n/9 \bibstyle@acmauthoryear\OT1/LinuxLibertineT-TLF/m/n/9 : Sq
uare 
 []

[95]
Underfull \hbox (badness 10000) in paragraph at lines 286--287
[]| []\OT1/zi4/m/n/9 \if@ACM@authordraft\OT1/LinuxLibertineT-TLF/m/n/9 : Cor-re
cted 
 []


Underfull \hbox (badness 10000) in paragraph at lines 288--289
[]| \OT1/LinuxLibertineT-TLF/m/n/9 Gen-eral: Re-duce list in-den-ta-tion 
 []


Overfull \hbox (17.85658pt too wide) in paragraph at lines 293--294
[]| []\OT1/zi4/m/n/9 \normalparindent\OT1/LinuxLibertineT-TLF/m/n/9 : Set \OT1/
zi4/m/n/9 \normalparindent 
 []


Underfull \hbox (badness 10000) in paragraph at lines 315--316
[]| []\OT1/zi4/m/n/9 \ccdesc@parse@finish\OT1/LinuxLibertineT-TLF/m/n/9 : Added
 
 []


Underfull \hbox (badness 10000) in paragraph at lines 317--318
[]| []\OT1/zi4/m/n/9 \country\OT1/LinuxLibertineT-TLF/m/n/9 : Fixed bugs with e
x-tra 
 []


Overfull \hbox (9.51984pt too wide) in paragraph at lines 327--328
[]| []\OT1/zi4/m/n/9 \@startsection\OT1/LinuxLibertineT-TLF/m/n/9 : Added \OT1/
zi4/m/n/9 \makeatletter   
 []


Underfull \hbox (badness 10000) in paragraph at lines 340--341
[]| []\OT1/zi4/m/n/9 \ACM@restore@pagestyle\OT1/LinuxLibertineT-TLF/m/n/9 : Add
ed 
 []


Underfull \hbox (badness 10000) in paragraph at lines 341--342
[]| []\OT1/zi4/m/n/9 \acmArticle\OT1/LinuxLibertineT-TLF/m/n/9 : The de-fault i
s now 
 []


Underfull \hbox (badness 10000) in paragraph at lines 342--343
[]| []\OT1/zi4/m/n/9 \acmArticleSeq\OT1/LinuxLibertineT-TLF/m/n/9 : Now ac-mAr-
ti-cle 
 []


Overfull \hbox (31.32953pt too wide) in paragraph at lines 349--351
[]| []\OT1/zi4/m/n/9 \@folioblob\OT1/LinuxLibertineT-TLF/m/n/9 : Switched \OT1/
zi4/m/n/9 \bfeseries\sffamily 
 []


Overfull \hbox (22.32953pt too wide) in paragraph at lines 351--353
[]| []\OT1/zi4/m/n/9 \@parfont\OT1/LinuxLibertineT-TLF/m/n/9 : Switched \OT1/zi
4/m/n/9 \bfeseries\sffamily 
 []


Overfull \hbox (31.32953pt too wide) in paragraph at lines 353--355
[]| []\OT1/zi4/m/n/9 \@titlefont\OT1/LinuxLibertineT-TLF/m/n/9 : Switched \OT1/
zi4/m/n/9 \bfeseries\sffamily 
 []


Underfull \hbox (badness 10000) in paragraph at lines 356--357
[]| []\OT1/zi4/m/n/9 \@mkauthorsaddresses\OT1/LinuxLibertineT-TLF/m/n/9 : In-tr
o-duced 
 []


Underfull \hbox (badness 10000) in paragraph at lines 358--359
[]| []\OT1/zi4/m/n/9 \@printendtopmatter\OT1/LinuxLibertineT-TLF/m/n/9 : Made i
t 
 []

[96]
Underfull \hbox (badness 10000) in paragraph at lines 372--373
[]| []\OT1/zi4/m/n/9 \authorsaddresses\OT1/LinuxLibertineT-TLF/m/n/9 : In-tro-d
uced 
 []


Underfull \hbox (badness 10000) in paragraph at lines 374--375
[]| []\OT1/zi4/m/n/9 \if@ACM@acmthm\OT1/LinuxLibertineT-TLF/m/n/9 : Mod-i-fied 
de-scrip- 
 []

) [97] (./acmart.ind
Overfull \hbox (3.83365pt too wide) in paragraph at lines 55--56
[][]\OT1/zi4/m/n/9 \@ACM@sigchiamodefalse   
 []


Overfull \hbox (8.33365pt too wide) in paragraph at lines 139--142
[][]\OT1/zi4/m/n/9 \@acmdefinitionbodyfont   
 []


Overfull \hbox (8.33365pt too wide) in paragraph at lines 142--145
[][]\OT1/zi4/m/n/9 \@acmdefinitionheadfont   
 []


Overfull \hbox (8.33365pt too wide) in paragraph at lines 148--151
[][]\OT1/zi4/m/n/9 \@acmdefinitionnotefont   
 []


Overfull \hbox (8.33365pt too wide) in paragraph at lines 168--170
[][]\OT1/zi4/m/n/9 \@additionalaffiliation   
 []

[98

]
Overfull \hbox (12.83365pt too wide) in paragraph at lines 366--367
[][]\OT1/zi4/m/n/9 \@insideauthorgroupfalse   
 []


Overfull \hbox (8.33365pt too wide) in paragraph at lines 367--368
[][]\OT1/zi4/m/n/9 \@insideauthorgrouptrue   
 []


Underfull \hbox (badness 10000) in paragraph at lines 374--408
[][]\OT1/LinuxLibertineT-TLF/m/n/9 971[][], [][]975[][], [][]979[][], 
 []


Underfull \hbox (badness 10000) in paragraph at lines 374--408
[][]\OT1/LinuxLibertineT-TLF/m/n/9 983[][], [][]987[][], [][]991[][], 
 []


Underfull \hbox (badness 10000) in paragraph at lines 374--408
[][]\OT1/LinuxLibertineT-TLF/m/n/9 995[][], [][]999[][], [][]1003[][], 
 []

[99]
Underfull \hbox (badness 10000) in paragraph at lines 408--431
[][]\OT1/LinuxLibertineT-TLF/m/n/9 992[][], [][]996[][], [][]1000[][], 
 []


Underfull \hbox (badness 10000) in paragraph at lines 518--543
[][]\OT1/LinuxLibertineT-TLF/m/n/9 993[][], [][]997[][], [][]1001[][], 
 []


Overfull \hbox (3.83365pt too wide) in paragraph at lines 560--561
[][]\OT1/zi4/m/n/9 \@printpermissionfalse   
 []

[100]
LaTeX Font Info:    Font shape `OT1/LinuxLibertineT-TLF/m/it' will be
(Font)              scaled to size 9.0pt on input line 759.

Overfull \hbox (3.83365pt too wide) in paragraph at lines 824--826
[][]\OT1/zi4/m/n/9 \ACM@restore@pagestyle   
 []


Overfull \hbox (12.83365pt too wide) in paragraph at lines 846--851
[][]\OT1/zi4/m/n/9 \acmConference@shortname   
 []

[101]
Overfull \hbox (3.83365pt too wide) in paragraph at lines 878--880
[][]\OT1/zi4/m/n/9 \additionalaffiliation   
 []


Underfull \hbox (badness 10000) in paragraph at lines 894--906
[][]\OT1/LinuxLibertineT-TLF/m/n/9 740[][], [][]743[][], [][]745[][], 
 []


Underfull \hbox (badness 10000) in paragraph at lines 894--906
[][]\OT1/LinuxLibertineT-TLF/m/n/9 747[][], [][]749[][], [][]1061[][], 
 []


Underfull \hbox (badness 10000) in paragraph at lines 921--923
[]\OT1/zi4/m/n/9 anonsuppress \OT1/LinuxLibertineT-TLF/m/n/9 (en-vi-ron- 
 []


Underfull \hbox (badness 10000) in paragraph at lines 999--1006
[][]\OT1/LinuxLibertineT-TLF/m/n/9 671[][], [][]676[][], [][]1108[][], 
 []


Overfull \hbox (8.33365pt too wide) in paragraph at lines 1013--1015
[][]\OT1/zi4/m/n/9 \bibstyle@acmauthoryear   
 []


Underfull \hbox (badness 10000) in paragraph at lines 1055--1061
[][]\OT1/LinuxLibertineT-TLF/m/n/9 669[][], [][]672[][], [][]1768[][], 
 []

[102]
Overfull \hbox (48.83365pt too wide) in paragraph at lines 1116--1118
[][]\OT1/zi4/m/n/9 \copyrightpermissionfootnoterule   
 []


Overfull \hbox (8.33365pt too wide) in paragraph at lines 1149--1150
[][]\OT1/zi4/m/n/9 \DeclareTextFontCommand   
 []

[103]
Underfull \hbox (badness 10000) in paragraph at lines 1404--1412
[][]\OT1/LinuxLibertineT-TLF/m/n/9 666[][], [][]669[][], [][]672[][], 
 []


Underfull \hbox (badness 10000) in paragraph at lines 1404--1412
[][]\OT1/LinuxLibertineT-TLF/m/n/9 683[][], [][]689[][], [][]1118[][], 
 []


Underfull \hbox (badness 10000) in paragraph at lines 1573--1693
[][]\OT1/LinuxLibertineT-TLF/m/n/9 684[][], [][]709[][], [][]1022[][], 
 []

[104]
Overfull \hbox (35.33365pt too wide) in paragraph at lines 1713--1715
[][]\OT1/zi4/m/n/9 \footnotetextauthorsaddresses   
 []


Overfull \hbox (48.83365pt too wide) in paragraph at lines 1715--1717
[][]\OT1/zi4/m/n/9 \footnotetextcopyrightpermission   
 []

[105]
Overfull \hbox (62.33365pt too wide) in paragraph at lines 1836--1841
[][]\OT1/zi4/m/n/9 \if@ACM@affiliation@obeypunctuation   
 []


Overfull \hbox (8.33365pt too wide) in paragraph at lines 1868--1869
[][]\OT1/zi4/m/n/9 \if@ACM@natbib@override   
 []


Underfull \hbox (badness 10000) in paragraph at lines 1907--1922
[][]\OT1/LinuxLibertineT-TLF/m/n/9 695[][], [][]812[][], [][]1167[][], 
 []


Underfull \hbox (badness 10000) in paragraph at lines 1990--1999
[][]\OT1/LinuxLibertineT-TLF/m/n/9 581[][], [][]594[][], [][]1109[][], 
 []


Overfull \hbox (17.33365pt too wide) in paragraph at lines 2012--2013
[][]\OT1/zi4/m/n/9 \interfootnotelinepenalty   
 []

[106]
Underfull \hbox (badness 10000) in paragraph at lines 2102--2129
[][]\OT1/LinuxLibertineT-TLF/m/n/9 753[][], [][]757[][], [][]1113[][], 
 []


Underfull \hbox (badness 10000) in paragraph at lines 2163--2165
[]\OT1/zi4/m/n/9 marginfigure \OT1/LinuxLibertineT-TLF/m/n/9 (en-vi-ron- 
 []


Underfull \hbox (badness 10000) in paragraph at lines 2173--2175
[]\OT1/zi4/m/n/9 margintable \OT1/LinuxLibertineT-TLF/m/n/9 (en-vi-ron- 
 []

[107]
Underfull \hbox (badness 10000) in paragraph at lines 2459--2470
[][]\OT1/LinuxLibertineT-TLF/m/n/9 557[][], [][]558[][], [][]2286[][], 
 []

[108]
Overfull \hbox (30.83365pt too wide) in paragraph at lines 2541--2543
[][]\OT1/zi4/m/n/9 \pdfstringdefDisableCommands   
 []


Underfull \hbox (badness 10000) in paragraph at lines 2698--2700
[]\OT1/zi4/m/n/9 screenonly \OT1/LinuxLibertineT-TLF/m/n/9 (en-vi-ron- 
 []


Underfull \hbox (badness 10000) in paragraph at lines 2721--2727
[][]\OT1/LinuxLibertineT-TLF/m/n/9 585[][], [][]691[][], [][]1749[][], 
 []

[109]
Underfull \hbox (badness 10000) in paragraph at lines 2838--2840
[]\OT1/zi4/m/n/9 teaserfigure \OT1/LinuxLibertineT-TLF/m/n/9 (en-vi-ron- 
 []


Underfull \hbox (badness 10000) in paragraph at lines 2976--3000
[][]\OT1/LinuxLibertineT-TLF/m/n/9 724[][], [][]736[][], [][]1504[][], 
 []

[110]))
Package atveryend Info: Empty hook `BeforeClearDocument' on input line 1744.
 [111]
Package atveryend Info: Executing hook `AfterLastShipout' on input line 1744.
 (./acmart.aux)
Package atveryend Info: Executing hook `AtVeryEndDocument' on input line 1744.
Package atveryend Info: Executing hook `AtEndAfterFileList' on input line 1744.

Package rerunfilecheck Info: File `acmart.out' has not changed.
(rerunfilecheck)             Checksum: EA1C0EFE0F9A5B71B0F990C278F0DC8E;3918.
Package rerunfilecheck Info: File `acmart.hd' has not changed.
(rerunfilecheck)             Checksum: D71520710962A035BF3DFF93664B34CC;26564.


LaTeX Font Warning: Some font shapes were not available, defaults substituted.

Package atveryend Info: Empty hook `AtVeryVeryEnd' on input line 1744.
 ) 
Here is how much of TeX's memory you used:
 16240 strings out of 493117
 202536 string characters out of 6135433
 282169 words of memory out of 5000000
 16792 multiletter control sequences out of 15000+600000
 93050 words of font info for 203 fonts, out of 8000000 for 9000
 1141 hyphenation exceptions out of 8191
 53i,11n,92p,271b,906s stack positions out of 5000i,500n,10000p,200000b,80000s
{/usr/local/texlive/2014/texmf-dist/fonts/enc/dvips/libertine/lbtn_c6xmqr.enc
}{/usr/local/texlive/2014/texmf-dist/fonts/enc/dvips/base/8r.enc}{/usr/local/te
xlive/2014/texmf-dist/fonts/enc/dvips/inconsolata/i4-ot1-4.enc}{/usr/local/texl
ive/2014/texmf-dist/fonts/enc/dvips/libertine/lbtn_w6afmj.enc}{/usr/local/texli
ve/2014/texmf-dist/fonts/enc/dvips/libertine/lbtn_tltjc6.enc}{/usr/local/texliv
e/2014/texmf-dist/fonts/enc/dvips/libertine/lbtn_naooyc.enc}{/usr/local/texlive
/2014/texmf-dist/fonts/enc/dvips/libertine/lbtn_lu7m2n.enc}{/usr/local/texlive/
2014/texmf-dist/fonts/enc/dvips/libertine/lbtn_xogrpz.enc}{/usr/local/texlive/2
014/texmf-dist/fonts/enc/dvips/libertine/lbtn_c7kyj5.enc}</usr/local/texlive/20
14/texmf-dist/fonts/type1/public/inconsolata/Inconsolata-zi4b.pfb></usr/local/t
exlive/2014/texmf-dist/fonts/type1/public/inconsolata/Inconsolata-zi4r.pfb></us
r/local/texlive/2014/texmf-dist/fonts/type1/public/libertine/LinBiolinumT.pfb><
/usr/local/texlive/2014/texmf-dist/fonts/type1/public/libertine/LinBiolinumTI.p
fb></usr/local/texlive/2014/texmf-dist/fonts/type1/public/libertine/LinLibertin
eT.pfb></usr/local/texlive/2014/texmf-dist/fonts/type1/public/libertine/LinLibe
rtineTB.pfb></usr/local/texlive/2014/texmf-dist/fonts/type1/public/libertine/Li
nLibertineTI.pfb></usr/local/texlive/2014/texmf-dist/fonts/type1/public/txfonts
/rtxmi.pfb></usr/local/texlive/2014/texmf-dist/fonts/type1/public/txfonts/txsy.
pfb></usr/local/texlive/2014/texmf-dist/fonts/type1/public/newtx/zxlr.pfb></usr
/local/texlive/2014/texmf-dist/fonts/type1/public/newtx/zxlri.pfb>
Output written on acmart.pdf (111 pages, 764106 bytes).
PDF statistics:
 9045 PDF objects out of 10688 (max. 8388607)
 8826 compressed objects within 89 object streams
 2660 named destinations out of 2984 (max. 500000)
 545 words of extra memory for PDF output out of 10000 (max. 10000000)

